<?xml version="1.0" encoding="UTF-8"?>
<!-- Generated by org.testng.reporters.JUnitXMLReporter -->
<testsuite ignored="0" hostname="DESKTOP-MP2J7MS" failures="0" tests="3" name="ParallelTests" time="74.031" errors="0" timestamp="2025-03-10T00:35:06 IST">
  <testcase classname="inputFormSubmit.InputFormSubmitClass" name="TestScenario3" time="11.598"/>
  <testcase classname="simpleFormDemo.SimpleFormDemoclass" name="TestScenario1" time="6.22"/>
  <testcase classname="dragAndDropSliders.DragAndDropSlidersClass" name="TestScenario2" time="42.27"/>
</testsuite> <!-- ParallelTests -->
