<?xml version="1.0" encoding="UTF-8"?>
<!-- Generated by org.testng.reporters.JUnitXMLReporter -->
<testsuite ignored="0" hostname="DESKTOP-MP2J7MS" failures="0" tests="3" name="ChromeTest" time="151.755" errors="0" timestamp="2025-03-09T16:25:27 IST">
  <testcase classname="dragAndDropSliders.DragAndDropSlidersClass" name="TestScenario2" time="43.776"/>
  <testcase classname="inputFormSubmit.InputFormSubmitClass" name="TestScenario3" time="13.003"/>
  <testcase classname="simpleFormDemo.SimpleFormDemoclass" name="TestScenario1" time="5.923"/>
</testsuite> <!-- ChromeTest -->
