<?xml version="1.0" encoding="UTF-8"?>
<!-- Generated by org.testng.reporters.JUnitXMLReporter -->
<testsuite ignored="0" hostname="DESKTOP-MP2J7MS" failures="0" tests="3" name="EdgeTest" time="112.842" errors="0" timestamp="2025-03-09T16:24:48 IST">
  <testcase classname="dragAndDropSliders.DragAndDropSlidersClass" name="TestScenario2" time="42.027"/>
  <testcase classname="inputFormSubmit.InputFormSubmitClass" name="TestScenario3" time="11.712"/>
  <testcase classname="simpleFormDemo.SimpleFormDemoclass" name="TestScenario1" time="8.505"/>
</testsuite> <!-- EdgeTest -->
