<?xml version="1.0" encoding="UTF-8"?>
<!-- Generated by org.testng.reporters.JUnitXMLReporter -->
<testsuite ignored="0" hostname="DESKTOP-MP2J7MS" failures="0" tests="3" name="Internet Explorer" time="94.818" errors="0" timestamp="2025-03-09T16:26:23 IST">
  <testcase classname="dragAndDropSliders.DragAndDropSlidersClass" name="TestScenario2" time="41.681"/>
  <testcase classname="inputFormSubmit.InputFormSubmitClass" name="TestScenario3" time="9.196"/>
  <testcase classname="simpleFormDemo.SimpleFormDemoclass" name="TestScenario1" time="6.209"/>
</testsuite> <!-- Internet Explorer -->
