<?xml version="1.0" encoding="UTF-8"?>
<!-- Generated by org.testng.reporters.JUnitXMLReporter -->
<testsuite ignored="0" hostname="DESKTOP-MP2J7MS" failures="0" tests="3" name="Test" time="86.834" errors="0" timestamp="2025-03-09T17:30:11 IST">
  <testcase classname="simpleFormDemo.SimpleFormDemoclass" name="TestScenario1" time="8.842"/>
  <testcase classname="inputFormSubmit.InputFormSubmitClass" name="TestScenario3" time="11.142"/>
  <testcase classname="dragAndDropSliders.DragAndDropSlidersClass" name="TestScenario2" time="43.273"/>
</testsuite> <!-- Test -->
